<?xml version="1.0" encoding="UTF-8"?>
<!-- Generated by org.testng.reporters.JUnitReportReporter -->
<testsuite hostname="Rithesh" failures="0" tests="1" name="ddd.Basic" time="0.023" errors="0" timestamp="2025-05-30T15:01:04 IST" skipped="0">
  <testcase classname="ddd.Basic" name="testOne" time="0.023"/>
  <system-out/>
</testsuite> <!-- ddd.Basic -->
